[setup] finite_graph_ramsey_theorem: workspace ready at /Users/vasil/Github/aleph/lean-eval/workspaces/finite_graph_ramsey_theorem
[setup] oppenheim_inequality: workspace ready at /Users/vasil/Github/aleph/lean-eval/workspaces/oppenheim_inequality
Created workspace: workspaces/cyclotomic_integer_house_le_two
Next steps:
  cd workspaces/cyclotomic_integer_house_le_two
  lake update
  lake test
[setup] cyclotomic_integer_house_le_two: workspace ready at /Users/vasil/Github/aleph/lean-eval/workspaces/cyclotomic_integer_house_le_two
Created workspace: workspaces/gleason_theorem_finite
Next steps:
  cd workspaces/gleason_theorem_finite
  lake update
  lake test
[setup] gleason_theorem_finite: workspace ready at /Users/vasil/Github/aleph/lean-eval/workspaces/gleason_theorem_finite
Created workspace: workspaces/contractibleSpace_houseWithTwoRooms
Next steps:
  cd workspaces/contractibleSpace_houseWithTwoRooms
  lake update
  lake test
[setup] contractibleSpace_houseWithTwoRooms: workspace ready at /Users/vasil/Github/aleph/lean-eval/workspaces/contractibleSpace_houseWithTwoRooms
[launch] finite_graph_ramsey_theorem: pid=53056 -> /Users/vasil/Github/aleph/results/hard-finite_graph_ramsey_theorem.log
[launch] oppenheim_inequality: pid=53057 -> /Users/vasil/Github/aleph/results/hard-oppenheim_inequality.log
[launch] cyclotomic_integer_house_le_two: pid=53058 -> /Users/vasil/Github/aleph/results/hard-cyclotomic_integer_house_le_two.log
[launch] gleason_theorem_finite: pid=53059 -> /Users/vasil/Github/aleph/results/hard-gleason_theorem_finite.log
[launch] contractibleSpace_houseWithTwoRooms: pid=53060 -> /Users/vasil/Github/aleph/results/hard-contractibleSpace_houseWithTwoRooms.log

All 5 prove calls launched. Waiting for completion...

[done ] gleason_theorem_finite: rc=1 applied=False request=3df8d18c-de97-4729-9559-8fd12e0ca765 elapsed=28.0m  (4 pending)
[done ] finite_graph_ramsey_theorem: rc=1 applied=False request=093a5d1e-1856-4ee8-b0ff-3451855d3c00 elapsed=28.0m  (3 pending)
[done ] cyclotomic_integer_house_le_two: rc=1 applied=False request=54910e96-3152-40d1-b56b-41970f43da2a elapsed=28.0m  (2 pending)
[done ] contractibleSpace_houseWithTwoRooms: rc=1 applied=False request=d4966fa0-d985-4eb6-b893-dd976e6d22ee elapsed=28.0m  (1 pending)
[done ] oppenheim_inequality: rc=1 applied=False request=d05df5d3-0e05-4819-bf3a-f4e59f225ed3 elapsed=28.0m  (0 pending)

=== verifying each workspace ===

[verify] finite_graph_ramsey_theorem: cache get...
Current branch: HEAD
Using cache (Azure) from origin: (some leanprover-community/mathlib4)
No files to download
Already decompressed 8297 file(s)
[verify] finite_graph_ramsey_theorem: lake build...
[verify] finite_graph_ramsey_theorem: build_ok=True used_sorry=True
[verify] oppenheim_inequality: cache get...
Current branch: HEAD
Using cache (Azure) from origin: (some leanprover-community/mathlib4)
No files to download
Already decompressed 8297 file(s)
[verify] oppenheim_inequality: lake build...
