[mulCayley_connected_iff_closure_eq_top] no rid yet ({'detail': 'Failed to create Proof Request'})
[rouche_zero_count_eq] no rid yet ({'detail': 'Failed to create Proof Request'})
sleeping 300s, 2 still pending: ['mulCayley_connected_iff_closure_eq_top', 'rouche_zero_count_eq']
[mulCayley_connected_iff_closure_eq_top] no rid yet ({'detail': 'Failed to create Proof Request'})
[rouche_zero_count_eq] no rid yet ({'detail': 'Failed to create Proof Request'})
sleeping 300s, 2 still pending: ['mulCayley_connected_iff_closure_eq_top', 'rouche_zero_count_eq']
[mulCayley_connected_iff_closure_eq_top] no rid yet ({'detail': 'Failed to create Proof Request'})
[rouche_zero_count_eq] no rid yet ({'detail': 'Failed to create Proof Request'})
sleeping 300s, 2 still pending: ['mulCayley_connected_iff_closure_eq_top', 'rouche_zero_count_eq']
[mulCayley_connected_iff_closure_eq_top] no rid yet ({'detail': 'Failed to create Proof Request'})
[rouche_zero_count_eq] no rid yet ({'detail': 'Failed to create Proof Request'})
sleeping 300s, 2 still pending: ['mulCayley_connected_iff_closure_eq_top', 'rouche_zero_count_eq']
[mulCayley_connected_iff_closure_eq_top] no rid yet ({'detail': 'Failed to create Proof Request'})
[rouche_zero_count_eq] no rid yet ({'detail': 'Failed to create Proof Request'})
sleeping 300s, 2 still pending: ['mulCayley_connected_iff_closure_eq_top', 'rouche_zero_count_eq']
[mulCayley_connected_iff_closure_eq_top] no rid yet ({'detail': 'Failed to create Proof Request'})
[rouche_zero_count_eq] no rid yet ({'detail': 'Failed to create Proof Request'})
sleeping 300s, 2 still pending: ['mulCayley_connected_iff_closure_eq_top', 'rouche_zero_count_eq']
[mulCayley_connected_iff_closure_eq_top] no rid yet ({'detail': 'Failed to create Proof Request'})
[rouche_zero_count_eq] no rid yet ({'detail': 'Failed to create Proof Request'})
sleeping 300s, 2 still pending: ['mulCayley_connected_iff_closure_eq_top', 'rouche_zero_count_eq']
[mulCayley_connected_iff_closure_eq_top] no rid yet ({'detail': 'Failed to create Proof Request'})
[rouche_zero_count_eq] no rid yet ({'detail': 'Failed to create Proof Request'})
sleeping 300s, 2 still pending: ['mulCayley_connected_iff_closure_eq_top', 'rouche_zero_count_eq']
[mulCayley_connected_iff_closure_eq_top] no rid yet ({'detail': 'Failed to create Proof Request'})
[rouche_zero_count_eq] no rid yet ({'detail': 'Failed to create Proof Request'})
sleeping 300s, 2 still pending: ['mulCayley_connected_iff_closure_eq_top', 'rouche_zero_count_eq']
[mulCayley_connected_iff_closure_eq_top] no rid yet ({'detail': 'Failed to create Proof Request'})
[rouche_zero_count_eq] no rid yet ({'detail': 'Failed to create Proof Request'})
sleeping 300s, 2 still pending: ['mulCayley_connected_iff_closure_eq_top', 'rouche_zero_count_eq']
[mulCayley_connected_iff_closure_eq_top] no rid yet ({'detail': 'Failed to create Proof Request'})
[rouche_zero_count_eq] no rid yet ({'detail': 'Failed to create Proof Request'})
sleeping 300s, 2 still pending: ['mulCayley_connected_iff_closure_eq_top', 'rouche_zero_count_eq']
[mulCayley_connected_iff_closure_eq_top] no rid yet ({'detail': 'Failed to create Proof Request'})
[rouche_zero_count_eq] no rid yet ({'detail': 'Failed to create Proof Request'})
sleeping 300s, 2 still pending: ['mulCayley_connected_iff_closure_eq_top', 'rouche_zero_count_eq']
[mulCayley_connected_iff_closure_eq_top] no rid yet ({'detail': 'Failed to create Proof Request'})
[rouche_zero_count_eq] no rid yet ({'detail': 'Failed to create Proof Request'})
sleeping 300s, 2 still pending: ['mulCayley_connected_iff_closure_eq_top', 'rouche_zero_count_eq']
[mulCayley_connected_iff_closure_eq_top] no rid yet ({'detail': 'Failed to create Proof Request'})
[rouche_zero_count_eq] no rid yet ({'detail': 'Failed to create Proof Request'})
sleeping 300s, 2 still pending: ['mulCayley_connected_iff_closure_eq_top', 'rouche_zero_count_eq']
[mulCayley_connected_iff_closure_eq_top] no rid yet ({'detail': 'Failed to create Proof Request'})
[rouche_zero_count_eq] no rid yet ({'detail': 'Failed to create Proof Request'})
sleeping 300s, 2 still pending: ['mulCayley_connected_iff_closure_eq_top', 'rouche_zero_count_eq']
[mulCayley_connected_iff_closure_eq_top] OK rid=85bbf699-0921-47e1-bc37-30754ca622ff
[rouche_zero_count_eq] OK rid=f14e3230-e884-4189-a2fc-a3cbb947da45
all resubmits accepted
